Running main() from C:\Users\dkajganic\source\repos\TODO_App\packages\gmock.1.11.0\lib\native\src\gtest\src\gtest_main.cc
[==========] Running 96 tests from 10 test suites.
[----------] Global test environment set-up.
[----------] 14 tests from DateTimeTests_Constructor
[ RUN      ] DateTimeTests_Constructor.DefaultConstructor_withMock
[       OK ] DateTimeTests_Constructor.DefaultConstructor_withMock (0 ms)
[ RUN      ] DateTimeTests_Constructor.Constructor_WithFormat
[       OK ] DateTimeTests_Constructor.Constructor_WithFormat (1 ms)
[ RUN      ] DateTimeTests_Constructor.Constructor_WithFormat_InvalidFormat
unknown file: error: C++ exception with description "invalid stoi argument" thrown in the test body.
[  FAILED  ] DateTimeTests_Constructor.Constructor_WithFormat_InvalidFormat (2 ms)
[ RUN      ] DateTimeTests_Constructor.Constructor_WithFormat_WrongValues
[       OK ] DateTimeTests_Constructor.Constructor_WithFormat_WrongValues (14 ms)
[ RUN      ] DateTimeTests_Constructor.CorrectValues1
[       OK ] DateTimeTests_Constructor.CorrectValues1 (0 ms)
[ RUN      ] DateTimeTests_Constructor.CorrectValues_BoundaryValuesForFebruary
[       OK ] DateTimeTests_Constructor.CorrectValues_BoundaryValuesForFebruary (0 ms)
[ RUN      ] DateTimeTests_Constructor.InvalidValues_ForDays_30DaysMonth
[       OK ] DateTimeTests_Constructor.InvalidValues_ForDays_30DaysMonth (2 ms)
[ RUN      ] DateTimeTests_Constructor.InvalidValues_ForDays_AnyMonth
[       OK ] DateTimeTests_Constructor.InvalidValues_ForDays_AnyMonth (1 ms)
[ RUN      ] DateTimeTests_Constructor.InvalidValues_ForMonth
[       OK ] DateTimeTests_Constructor.InvalidValues_ForMonth (1 ms)
[ RUN      ] DateTimeTests_Constructor.InvalidValues_ForYear
[       OK ] DateTimeTests_Constructor.InvalidValues_ForYear (2 ms)
[ RUN      ] DateTimeTests_Constructor.InvalidValues_ForFebruary
[       OK ] DateTimeTests_Constructor.InvalidValues_ForFebruary (1 ms)
[ RUN      ] DateTimeTests_Constructor.InvalidValues_ForHours
[       OK ] DateTimeTests_Constructor.InvalidValues_ForHours (0 ms)
[ RUN      ] DateTimeTests_Constructor.InvalidValues_ForMinutes
[       OK ] DateTimeTests_Constructor.InvalidValues_ForMinutes (0 ms)
[ RUN      ] DateTimeTests_Constructor.InvalidValues_ForSeconds
[       OK ] DateTimeTests_Constructor.InvalidValues_ForSeconds (0 ms)
[----------] 14 tests from DateTimeTests_Constructor (28 ms total)

[----------] 15 tests from DateTimeTests_Setter
[ RUN      ] DateTimeTests_Setter.CorrectValues_ForDays
[       OK ] DateTimeTests_Setter.CorrectValues_ForDays (0 ms)
[ RUN      ] DateTimeTests_Setter.CorrectValue_ForMonth
[       OK ] DateTimeTests_Setter.CorrectValue_ForMonth (0 ms)
[ RUN      ] DateTimeTests_Setter.CorrectValue_ForYear
[       OK ] DateTimeTests_Setter.CorrectValue_ForYear (0 ms)
[ RUN      ] DateTimeTests_Setter.CorrectValue_ForHours
[       OK ] DateTimeTests_Setter.CorrectValue_ForHours (0 ms)
[ RUN      ] DateTimeTests_Setter.CorrectValue_ForMinutes
[       OK ] DateTimeTests_Setter.CorrectValue_ForMinutes (0 ms)
[ RUN      ] DateTimeTests_Setter.CorrectValue_ForSeconds
[       OK ] DateTimeTests_Setter.CorrectValue_ForSeconds (0 ms)
[ RUN      ] DateTimeTests_Setter.InvalidValues_ForDays
[       OK ] DateTimeTests_Setter.InvalidValues_ForDays (0 ms)
[ RUN      ] DateTimeTests_Setter.InvalidValues_ForDays_30DaysMonth
[       OK ] DateTimeTests_Setter.InvalidValues_ForDays_30DaysMonth (9 ms)
[ RUN      ] DateTimeTests_Setter.InvalidValues_ForDays_AnyMonth
[       OK ] DateTimeTests_Setter.InvalidValues_ForDays_AnyMonth (3 ms)
[ RUN      ] DateTimeTests_Setter.InvalidValues_ForDays_February
[       OK ] DateTimeTests_Setter.InvalidValues_ForDays_February (4 ms)
[ RUN      ] DateTimeTests_Setter.InvalidValues_ForMonth
[       OK ] DateTimeTests_Setter.InvalidValues_ForMonth (2 ms)
[ RUN      ] DateTimeTests_Setter.InvalidValues_ForYear
[       OK ] DateTimeTests_Setter.InvalidValues_ForYear (4 ms)
[ RUN      ] DateTimeTests_Setter.InvalidValuew_ForHours
[       OK ] DateTimeTests_Setter.InvalidValuew_ForHours (1 ms)
[ RUN      ] DateTimeTests_Setter.InvalidValuew_ForMinutes
[       OK ] DateTimeTests_Setter.InvalidValuew_ForMinutes (1 ms)
[ RUN      ] DateTimeTests_Setter.InvalidValuew_ForSeconds
[       OK ] DateTimeTests_Setter.InvalidValuew_ForSeconds (1 ms)
[----------] 15 tests from DateTimeTests_Setter (30 ms total)

[----------] 3 tests from DateTime_ComparisonTest
[ RUN      ] DateTime_ComparisonTest.ComparationOperator
[       OK ] DateTime_ComparisonTest.ComparationOperator (0 ms)
[ RUN      ] DateTime_ComparisonTest.EqualsOperator_Case1
[       OK ] DateTime_ComparisonTest.EqualsOperator_Case1 (0 ms)
[ RUN      ] DateTime_ComparisonTest.EqualsOperator_Case2
[       OK ] DateTime_ComparisonTest.EqualsOperator_Case2 (0 ms)
[----------] 3 tests from DateTime_ComparisonTest (0 ms total)

[----------] 6 tests from FileWorkerTest
[ RUN      ] FileWorkerTest.Exists
[       OK ] FileWorkerTest.Exists (0 ms)
[ RUN      ] FileWorkerTest.WriteAndReadFromFile
[       OK ] FileWorkerTest.WriteAndReadFromFile (0 ms)
[ RUN      ] FileWorkerTest.InvalidWriteAndReadFromFile
[       OK ] FileWorkerTest.InvalidWriteAndReadFromFile (0 ms)
[ RUN      ] FileWorkerTest.WriteAndReadInLines
[       OK ] FileWorkerTest.WriteAndReadInLines (0 ms)
[ RUN      ] FileWorkerTest.InvalidWriteAndReadInLines
[       OK ] FileWorkerTest.InvalidWriteAndReadInLines (0 ms)
[ RUN      ] FileWorkerTest.DeleteFile
[       OK ] FileWorkerTest.DeleteFile (0 ms)
[----------] 6 tests from FileWorkerTest (2 ms total)

[----------] 7 tests from ReminderEntryTests_Constructor
[ RUN      ] ReminderEntryTests_Constructor.Constructor_WithFileOutput
[       OK ] ReminderEntryTests_Constructor.Constructor_WithFileOutput (0 ms)
[ RUN      ] ReminderEntryTests_Constructor.DefaultConstructor
[       OK ] ReminderEntryTests_Constructor.DefaultConstructor (0 ms)
[ RUN      ] ReminderEntryTests_Constructor.CorrectValues_ForConstructor
[       OK ] ReminderEntryTests_Constructor.CorrectValues_ForConstructor (0 ms)
[ RUN      ] ReminderEntryTests_Constructor.CorrectValues_ForConstructorWithExecDate
[       OK ] ReminderEntryTests_Constructor.CorrectValues_ForConstructorWithExecDate (0 ms)
[ RUN      ] ReminderEntryTests_Constructor.CorrectValues_ForConstructorWithExecDate_Boundary
[       OK ] ReminderEntryTests_Constructor.CorrectValues_ForConstructorWithExecDate_Boundary (0 ms)
[ RUN      ] ReminderEntryTests_Constructor.InvalidValues_ForLongTitleAndDescription
[       OK ] ReminderEntryTests_Constructor.InvalidValues_ForLongTitleAndDescription (0 ms)
[ RUN      ] ReminderEntryTests_Constructor.InvalidValues_ForExecDate
[       OK ] ReminderEntryTests_Constructor.InvalidValues_ForExecDate (1 ms)
[----------] 7 tests from ReminderEntryTests_Constructor (3 ms total)

[----------] 5 tests from ReminderEntryTests_Setter
[ RUN      ] ReminderEntryTests_Setter.InvalidValues_ForExecDate
[       OK ] ReminderEntryTests_Setter.InvalidValues_ForExecDate (1 ms)
[ RUN      ] ReminderEntryTests_Setter.CorrectValues_ForExecDate
[       OK ] ReminderEntryTests_Setter.CorrectValues_ForExecDate (0 ms)
[ RUN      ] ReminderEntryTests_Setter.CorrectValues_ForTitleAndDescription_Boundary
[       OK ] ReminderEntryTests_Setter.CorrectValues_ForTitleAndDescription_Boundary (0 ms)
[ RUN      ] ReminderEntryTests_Setter.InvalidValues_ForTitleAndDescription
[       OK ] ReminderEntryTests_Setter.InvalidValues_ForTitleAndDescription (0 ms)
[ RUN      ] ReminderEntryTests_Setter.CorrectValues_ForStatus
[       OK ] ReminderEntryTests_Setter.CorrectValues_ForStatus (0 ms)
[----------] 5 tests from ReminderEntryTests_Setter (3 ms total)

[----------] 1 test from ReminderEntryTests_Copy
[ RUN      ] ReminderEntryTests_Copy.CopyAssignment
[       OK ] ReminderEntryTests_Copy.CopyAssignment (0 ms)
[----------] 1 test from ReminderEntryTests_Copy (0 ms total)

[----------] 1 test from ReminderEntryTests_MoveAndCopy
[ RUN      ] ReminderEntryTests_MoveAndCopy.CopyConstructor
[       OK ] ReminderEntryTests_MoveAndCopy.CopyConstructor (0 ms)
[----------] 1 test from ReminderEntryTests_MoveAndCopy (0 ms total)

[----------] 5 tests from ReminderEntryTests_Comparison
[ RUN      ] ReminderEntryTests_Comparison.OperatorEquals_1
[       OK ] ReminderEntryTests_Comparison.OperatorEquals_1 (0 ms)
[ RUN      ] ReminderEntryTests_Comparison.OperatorEquals_2
[       OK ] ReminderEntryTests_Comparison.OperatorEquals_2 (0 ms)
[ RUN      ] ReminderEntryTests_Comparison.OperatorEquals_3
[       OK ] ReminderEntryTests_Comparison.OperatorEquals_3 (0 ms)
[ RUN      ] ReminderEntryTests_Comparison.OperatorEquals_4
[       OK ] ReminderEntryTests_Comparison.OperatorEquals_4 (0 ms)
[ RUN      ] ReminderEntryTests_Comparison.OperatorEquals_5
[       OK ] ReminderEntryTests_Comparison.OperatorEquals_5 (0 ms)
[----------] 5 tests from ReminderEntryTests_Comparison (1 ms total)

[----------] 39 tests from ReminderSet_Tests
[ RUN      ] ReminderSet_Tests.ConstructorWithMock
[       OK ] ReminderSet_Tests.ConstructorWithMock (1 ms)
[ RUN      ] ReminderSet_Tests.MakeNewEntryCase
[       OK ] ReminderSet_Tests.MakeNewEntryCase (0 ms)
[ RUN      ] ReminderSet_Tests.DeleteEntry_ValidIndex
[       OK ] ReminderSet_Tests.DeleteEntry_ValidIndex (0 ms)
[ RUN      ] ReminderSet_Tests.DeleteEntry_InvalidIndex
[       OK ] ReminderSet_Tests.DeleteEntry_InvalidIndex (1 ms)
[ RUN      ] ReminderSet_Tests.EditEntry_WithConcreteObject
[       OK ] ReminderSet_Tests.EditEntry_WithConcreteObject (4 ms)
[ RUN      ] ReminderSet_Tests.EditEntry_WithNullObject
[       OK ] ReminderSet_Tests.EditEntry_WithNullObject (2 ms)
[ RUN      ] ReminderSet_Tests.EditEntry_WithValidIndex
[       OK ] ReminderSet_Tests.EditEntry_WithValidIndex (3 ms)
[ RUN      ] ReminderSet_Tests.EditEntry_WithInvalidIndex
[       OK ] ReminderSet_Tests.EditEntry_WithInvalidIndex (1 ms)
[ RUN      ] ReminderSet_Tests.SortByDateCreated
[       OK ] ReminderSet_Tests.SortByDateCreated (5 ms)
[ RUN      ] ReminderSet_Tests.SortByDateCreated_WithOneEntry
[       OK ] ReminderSet_Tests.SortByDateCreated_WithOneEntry (0 ms)
[ RUN      ] ReminderSet_Tests.SortByDateCreated_WithZeroEntries
[       OK ] ReminderSet_Tests.SortByDateCreated_WithZeroEntries (0 ms)
[ RUN      ] ReminderSet_Tests.SortByExecDate
[       OK ] ReminderSet_Tests.SortByExecDate (4 ms)
[ RUN      ] ReminderSet_Tests.SortByExecDate_WithOneEntry
[       OK ] ReminderSet_Tests.SortByExecDate_WithOneEntry (0 ms)
[ RUN      ] ReminderSet_Tests.SortByExecDate_WithZeroEntries
[       OK ] ReminderSet_Tests.SortByExecDate_WithZeroEntries (0 ms)
[ RUN      ] ReminderSet_Tests.SortByStatus
[       OK ] ReminderSet_Tests.SortByStatus (7 ms)
[ RUN      ] ReminderSet_Tests.SortByStatus_WithOneEntry
[       OK ] ReminderSet_Tests.SortByStatus_WithOneEntry (0 ms)
[ RUN      ] ReminderSet_Tests.SortByStatus_WithZeroEntries
[       OK ] ReminderSet_Tests.SortByStatus_WithZeroEntries (0 ms)
[ RUN      ] ReminderSet_Tests.SortByTitle
[       OK ] ReminderSet_Tests.SortByTitle (6 ms)
[ RUN      ] ReminderSet_Tests.SortByTitle_WithOneEntry
[       OK ] ReminderSet_Tests.SortByTitle_WithOneEntry (0 ms)
[ RUN      ] ReminderSet_Tests.SortByTitle_WithZeroEntries
[       OK ] ReminderSet_Tests.SortByTitle_WithZeroEntries (0 ms)
[ RUN      ] ReminderSet_Tests.SortByDescription
[       OK ] ReminderSet_Tests.SortByDescription (4 ms)
[ RUN      ] ReminderSet_Tests.SortByDescription_WithOneEntry
[       OK ] ReminderSet_Tests.SortByDescription_WithOneEntry (0 ms)
[ RUN      ] ReminderSet_Tests.SortByDescription_WithZeroEntries
[       OK ] ReminderSet_Tests.SortByDescription_WithZeroEntries (0 ms)
[ RUN      ] ReminderSet_Tests.FilterByStatus
[       OK ] ReminderSet_Tests.FilterByStatus (4 ms)
[ RUN      ] ReminderSet_Tests.FilterByStatus_WithOneEntry
[       OK ] ReminderSet_Tests.FilterByStatus_WithOneEntry (0 ms)
[ RUN      ] ReminderSet_Tests.FilterByStatus_WithOneEntry2
[       OK ] ReminderSet_Tests.FilterByStatus_WithOneEntry2 (0 ms)
[ RUN      ] ReminderSet_Tests.FilterByStatus_WithZeroEntries
[       OK ] ReminderSet_Tests.FilterByStatus_WithZeroEntries (0 ms)
[ RUN      ] ReminderSet_Tests.FilterByDateCreated
[       OK ] ReminderSet_Tests.FilterByDateCreated (8 ms)
[ RUN      ] ReminderSet_Tests.FilterByDateCreated_WithOneEntry_BeforeDate
[       OK ] ReminderSet_Tests.FilterByDateCreated_WithOneEntry_BeforeDate (0 ms)
[ RUN      ] ReminderSet_Tests.FilterByDateCreated_WithOneEntry_BeforeDate_2
[       OK ] ReminderSet_Tests.FilterByDateCreated_WithOneEntry_BeforeDate_2 (0 ms)
[ RUN      ] ReminderSet_Tests.FilterByDateCreated_WithOneEntry_AfterDate
[       OK ] ReminderSet_Tests.FilterByDateCreated_WithOneEntry_AfterDate (0 ms)
[ RUN      ] ReminderSet_Tests.FilterByDateCreated_WithOneEntry_AfterDate_2
[       OK ] ReminderSet_Tests.FilterByDateCreated_WithOneEntry_AfterDate_2 (0 ms)
[ RUN      ] ReminderSet_Tests.FilterByDateCreated_WithZeroEntries
[       OK ] ReminderSet_Tests.FilterByDateCreated_WithZeroEntries (0 ms)
[ RUN      ] ReminderSet_Tests.FilterByExecDate
[       OK ] ReminderSet_Tests.FilterByExecDate (4 ms)
[ RUN      ] ReminderSet_Tests.FilterByExecDate_WithOneEntry_BeforeDate
[       OK ] ReminderSet_Tests.FilterByExecDate_WithOneEntry_BeforeDate (0 ms)
[ RUN      ] ReminderSet_Tests.FilterByExecDate_WithOneEntry_BeforeDate_2
[       OK ] ReminderSet_Tests.FilterByExecDate_WithOneEntry_BeforeDate_2 (0 ms)
[ RUN      ] ReminderSet_Tests.FilterByExecDate_WithOneEntry_AfterDate
[       OK ] ReminderSet_Tests.FilterByExecDate_WithOneEntry_AfterDate (0 ms)
[ RUN      ] ReminderSet_Tests.FilterByExecDate_WithOneEntry_AfterDate_2
[       OK ] ReminderSet_Tests.FilterByExecDate_WithOneEntry_AfterDate_2 (0 ms)
[ RUN      ] ReminderSet_Tests.FilterByExecDate_WithZeroEntries
[       OK ] ReminderSet_Tests.FilterByExecDate_WithZeroEntries (0 ms)
[----------] 39 tests from ReminderSet_Tests (75 ms total)

[----------] Global test environment tear-down
[==========] 96 tests from 10 test suites ran. (148 ms total)
[  PASSED  ] 95 tests.
[  FAILED  ] 1 test, listed below:
[  FAILED  ] DateTimeTests_Constructor.Constructor_WithFormat_InvalidFormat

 1 FAILED TEST
